[az-black-plus.webflow.io/index.html]
[backblue.gif]
[fade.gif]
[index.html]
[assets.website-files.com/643e8219320d012584af3b6d/css/az-black-plus.webflow.db26f27ba.css]
[ajax.googleapis.com/ajax/libs/webfont/1.6.26/webfont.js]
[assets.website-files.com/643e8219320d012584af3b6d/643e8219320d014edbaf3bc6_Favicon.png]
[assets.website-files.com/643e8219320d012584af3b6d/643e8219320d0192a1af3bc7_Webclip.png]
[az-black-plus.webflow.io/features.html]
[az-black-plus.webflow.io/about.html]
[az-black-plus.webflow.io/pricing.html]
[az-black-plus.webflow.io/blog.html]
[d3e54v103j8qbb.cloudfront.net/js/jquery-3.5.1.min.dc5e7f18c858da.js]
[az-black-plus.webflow.io/index.html]
[assets.website-files.com/643e8219320d012584af3b6d/css/az-black-plus.webflow.db26f27ba.css]
[az-black-plus.webflow.io/features.html]
[az-black-plus.webflow.io/about.html]
[assets.website-files.com/643e8219320d012584af3b6d/js/webflow.0f9029c39.js]
[az-black-plus.webflow.io/pricing.html]
[assets.website-files.com/644686e91506c894bde4781e/64468706cf746f8526c3b770_image 11.jpg]
[az-black-plus.webflow.io/post/14-common-misconceptions-about-web-design.html]
[assets.website-files.com/644686e91506c894bde4781e/6446871c93b55c0672047023_image 10.jpg]
[az-black-plus.webflow.io/post/the-history-of-web-design.html]
[assets.website-files.com/644686e91506c894bde4781e/6446873e1506c81ba2e47e97_image 12.jpg]
[assets.website-files.com/644686e91506c894bde4781e/6446874b528d987930ebb216_image 13.jpg]
[assets.website-files.com/644686e91506c894bde4781e/64468762ea667c0554d99941_image 14.jpg]
[assets.website-files.com/644686e91506c894bde4781e/64468785dca6520d9bcc5ed1_image 15.jpg]
[assets.website-files.com/644686e91506c894bde4781e/6446879420b27cfbacbc2cc2_image 16.jpg]
[az-black-plus.webflow.io/blog.html]
[assets.website-files.com/644686e91506c894bde4781e/64468728cd9476692b042c7a_image 10.jpg]
[az-black-plus.webflow.io/post/14-common-misconceptions-about-web-design.html]
[assets.website-files.com/644686e91506c894bde4781e/64468740dd6d40cba292b195_image 12.jpg]
[az-black-plus.webflow.io/post/the-history-of-web-design.html]
[az-black-plus.webflow.io/checkout]
[az-black-plus.webflow.io/contact]
[az-black-plus.webflow.io/template/style-guide]
[az-black-plus.webflow.io/template/instructions]
[az-black-plus.webflow.io/template/licensing]
[az-black-plus.webflow.io/template/change-log]
[az-black-plus.webflow.io/404]
[az-black-plus.webflow.io/401]
[az-black-plus.webflow.io/category/monthly]
[az-black-plus.webflow.io/category/annually]
[az-black-plus.webflow.io/product/light-monthly]
[az-black-plus.webflow.io/product/medium-monthly]
[az-black-plus.webflow.io/product/best-monthly]
[az-black-plus.webflow.io/post/7-things-about-web-design-your-boss-wants-to-know]
[az-black-plus.webflow.io/post/what-will-website-be-like-in-100-years]
[az-black-plus.webflow.io/post/10-things-nobody-told-you-about-being-a-web-designer]
[az-black-plus.webflow.io/post/how-to-improve-web-design-process]
[az-black-plus.webflow.io/post/10-quick-tips-about-blogging]
